<?xml version="1.0" encoding="UTF-8"?>
<!-- Generated by org.testng.reporters.JUnitReportReporter -->
<testsuite hostname="PC0432J4-T440P" name="DisputeEndtoEndFlow_DisputeTab.AdminSentInquirytoPayee" tests="1" failures="0" timestamp="15 Jul 2018 06:38:00 GMT" time="126.418" errors="0">
  <testcase name="Admin_InquirytoManager" time="126.418" classname="DisputeEndtoEndFlow_DisputeTab.AdminSentInquirytoPayee"/>
</testsuite> <!-- DisputeEndtoEndFlow_DisputeTab.AdminSentInquirytoPayee -->
