<?xml version="1.0" encoding="UTF-8"?>
<!-- Generated by org.testng.reporters.JUnitReportReporter -->
<testsuite hostname="PC0432J4-T440P" name="DisputeSubmission_Attachments.DisputeSubmission_TextFileFormat" tests="1" failures="0" timestamp="5 Apr 2018 09:48:17 GMT" time="28.008" errors="0">
  <testcase name="SubmitDispute_Incentive" time="28.008" classname="DisputeSubmission_Attachments.DisputeSubmission_TextFileFormat"/>
</testsuite> <!-- DisputeSubmission_Attachments.DisputeSubmission_TextFileFormat -->
