<?xml version="1.0" encoding="UTF-8"?>
<!-- Generated by org.testng.reporters.JUnitReportReporter -->
<testsuite hostname="PC0432J4-T440P" name="DisputeSubmission_Attachments.DisputeSubmission_ExcelFile" tests="1" failures="0" timestamp="5 Apr 2018 09:35:01 GMT" time="30.838" errors="0">
  <testcase name="SubmitDispute_Incentive" time="30.838" classname="DisputeSubmission_Attachments.DisputeSubmission_ExcelFile"/>
</testsuite> <!-- DisputeSubmission_Attachments.DisputeSubmission_ExcelFile -->
