<?xml version="1.0" encoding="UTF-8"?>
<!-- Generated by org.testng.reporters.JUnitReportReporter -->
<testsuite hostname="PC0432J4-T440P" name="DisputeEndtoEndFlow_DisputeTab.ManagerApproved" tests="1" failures="0" timestamp="15 Jul 2018 06:38:00 GMT" time="88.484" errors="0">
  <testcase name="SubmitDispute_Incentive" time="88.484" classname="DisputeEndtoEndFlow_DisputeTab.ManagerApproved"/>
</testsuite> <!-- DisputeEndtoEndFlow_DisputeTab.ManagerApproved -->
