<?xml version="1.0" encoding="UTF-8"?>
<!-- Generated by org.testng.reporters.JUnitReportReporter -->
<testsuite hostname="PC0432J4-T440P" name="DisputeEndtoEndFlow_MessageTab.ManagerSentInquiry" tests="1" failures="0" timestamp="6 Apr 2018 06:02:49 GMT" time="50.910" errors="0">
  <testcase name="SentInquiry_Manager" time="50.910" classname="DisputeEndtoEndFlow_MessageTab.ManagerSentInquiry"/>
</testsuite> <!-- DisputeEndtoEndFlow_MessageTab.ManagerSentInquiry -->
