<?xml version="1.0" encoding="UTF-8"?>
<!-- Generated by org.testng.reporters.JUnitReportReporter -->
<testsuite hostname="PC0432J4-T440P" name="com.calliduscloud.testing.administrator.entityconfiguration.security.Dispute" tests="1" failures="0" timestamp="17 Feb 2018 06:14:05 GMT" time="25.064" errors="0">
  <testcase name="SubmitDispute_Incentive" time="25.064" classname="com.calliduscloud.testing.administrator.entityconfiguration.security.Dispute"/>
</testsuite> <!-- com.calliduscloud.testing.administrator.entityconfiguration.security.Dispute -->
