<?xml version="1.0" encoding="UTF-8"?>
<!-- Generated by org.testng.reporters.JUnitReportReporter -->
<testsuite hostname="PC0432J4-T440P" name="com.callidussoftware.com.NewCommuicator.dispute.SubmitDispute" tests="1" failures="0" timestamp="27 Jan 2018 16:55:17 GMT" time="28.343" errors="0">
  <testcase name="payeedispute" time="28.343" classname="com.callidussoftware.com.NewCommuicator.dispute.SubmitDispute"/>
</testsuite> <!-- com.callidussoftware.com.NewCommuicator.dispute.SubmitDispute -->
