<?xml version="1.0" encoding="UTF-8"?>
<!-- Generated by org.testng.reporters.JUnitReportReporter -->
<testsuite hostname="PC0432J4-T440P" name="DisputeEndtoEndFlow_DisputeTab.ManagerDeniedDispute" tests="1" failures="0" timestamp="15 Jul 2018 06:38:00 GMT" time="86.526" errors="0">
  <testcase name="DenyDispute_Manager" time="86.526" classname="DisputeEndtoEndFlow_DisputeTab.ManagerDeniedDispute"/>
</testsuite> <!-- DisputeEndtoEndFlow_DisputeTab.ManagerDeniedDispute -->
