<?xml version="1.0" encoding="UTF-8"?>
<!-- Generated by org.testng.reporters.JUnitReportReporter -->
<testsuite hostname="PC0432J4-T440P" name="DisputeEndtoEndFlow_DisputeTab.AdminDenyingDispute" tests="1" failures="0" timestamp="8 Mar 2018 10:47:08 GMT" time="72.999" errors="0">
  <testcase name="AdminDeny_Dispute" time="72.999" classname="DisputeEndtoEndFlow_DisputeTab.AdminDenyingDispute"/>
</testsuite> <!-- DisputeEndtoEndFlow_DisputeTab.AdminDenyingDispute -->
