<?xml version="1.0" encoding="UTF-8"?>
<!-- Generated by org.testng.reporters.JUnitReportReporter -->
<testsuite hostname="PC0432J4-T440P" name="DisputeEndtoEndFlow_DisputeTab.PayeeRespondedtoManagerInquiry$ManagerInquirytoPayee" tests="1" failures="0" timestamp="15 Jul 2018 06:38:00 GMT" time="153.438" errors="0">
  <testcase name="PayeeResponding_Dispute" time="153.438" classname="DisputeEndtoEndFlow_DisputeTab.PayeeRespondedtoManagerInquiry$ManagerInquirytoPayee"/>
</testsuite> <!-- DisputeEndtoEndFlow_DisputeTab.PayeeRespondedtoManagerInquiry$ManagerInquirytoPayee -->
