<?xml version="1.0" encoding="UTF-8"?>
<!-- Generated by org.testng.reporters.JUnitReportReporter -->
<testsuite hostname="PC0432J4-T440P" name="DisputeEndtoEndFlow_DisputeTab.PayeeRespondedtoManagerInquiry$ManagerInquirytoPayee" tests="1" failures="0" timestamp="27 Mar 2018 09:45:08 GMT" time="84.786" errors="0">
  <testcase name="PayeeResponding_Dispute" time="84.786" classname="DisputeEndtoEndFlow_DisputeTab.PayeeRespondedtoManagerInquiry$ManagerInquirytoPayee"/>
</testsuite> <!-- DisputeEndtoEndFlow_DisputeTab.PayeeRespondedtoManagerInquiry$ManagerInquirytoPayee -->
