<?xml version="1.0" encoding="UTF-8"?>
<!-- Generated by org.testng.reporters.JUnitReportReporter -->
<testsuite hostname="PC0432J4-T440P" name="DisputeEndtoEndFlow_MessageTab.ManagerApproval" tests="1" failures="0" timestamp="6 Apr 2018 05:33:28 GMT" time="47.223" errors="0">
  <testcase name="DisputeApproval" time="47.223" classname="DisputeEndtoEndFlow_MessageTab.ManagerApproval"/>
</testsuite> <!-- DisputeEndtoEndFlow_MessageTab.ManagerApproval -->
