<?xml version="1.0" encoding="UTF-8"?>
<!-- Generated by org.testng.reporters.JUnitReportReporter -->
<testsuite hostname="PC0432J4-T440P" name="DisputeEndtoEndFlow_DisputeTab.CancelDispute" tests="1" failures="0" timestamp="27 Mar 2018 09:37:37 GMT" time="43.128" errors="0">
  <testcase name="CancellingDispute" time="43.128" classname="DisputeEndtoEndFlow_DisputeTab.CancelDispute"/>
</testsuite> <!-- DisputeEndtoEndFlow_DisputeTab.CancelDispute -->
