<?xml version="1.0" encoding="UTF-8"?>
<!-- Generated by org.testng.reporters.JUnitReportReporter -->
<testsuite hostname="PC0432J4-T440P" name="DisputeEndtoEndFlow_DisputeTab.AdminSentInquiryManager" tests="1" failures="0" timestamp="27 Mar 2018 10:08:56 GMT" time="111.374" errors="0">
  <testcase name="Admin_InquirytoManager" time="111.374" classname="DisputeEndtoEndFlow_DisputeTab.AdminSentInquiryManager"/>
</testsuite> <!-- DisputeEndtoEndFlow_DisputeTab.AdminSentInquiryManager -->
