<?xml version="1.0" encoding="UTF-8"?>
<!-- Generated by org.testng.reporters.JUnitReportReporter -->
<testsuite hostname="PC0432J4-T440P" name="DisputeEndtoEndFlow_MessageTab.AdminSentInquiry_Payee" tests="1" failures="0" timestamp="18 Jul 2018 04:26:48 GMT" time="87.888" errors="0">
  <testcase name="DisputeApproval" time="87.888" classname="DisputeEndtoEndFlow_MessageTab.AdminSentInquiry_Payee"/>
</testsuite> <!-- DisputeEndtoEndFlow_MessageTab.AdminSentInquiry_Payee -->
