<?xml version="1.0" encoding="UTF-8"?>
<!-- Generated by org.testng.reporters.JUnitReportReporter -->
<testsuite hostname="PC0432J4-T440P" name="com.calliduscloud.testing.communicator.SubmitDispute" tests="1" failures="0" timestamp="8 Mar 2018 04:53:54 GMT" time="24.169" errors="0">
  <testcase name="SubmitDispute_Incentive" time="24.169" classname="com.calliduscloud.testing.communicator.SubmitDispute"/>
</testsuite> <!-- com.calliduscloud.testing.communicator.SubmitDispute -->
