<?xml version="1.0" encoding="UTF-8"?>
<!-- Generated by org.testng.reporters.JUnitReportReporter -->
<testsuite hostname="PC0432J4-T440P" name="DisputeEndtoEndFlow_DisputeTab.PayeeRespondingtoAdminInquiry" tests="1" failures="0" timestamp="9 Mar 2018 05:03:17 GMT" time="122.586" errors="0">
  <testcase name="Admin_InquirytoManager" time="122.586" classname="DisputeEndtoEndFlow_DisputeTab.PayeeRespondingtoAdminInquiry"/>
</testsuite> <!-- DisputeEndtoEndFlow_DisputeTab.PayeeRespondingtoAdminInquiry -->
