<?xml version="1.0" encoding="UTF-8"?>
<!-- Generated by org.testng.reporters.JUnitReportReporter -->
<testsuite hostname="PC0432J4-T440P" name="DisputeEndtoEndFlow_DisputeTab.AdminDenyingDispute" tests="1" failures="0" timestamp="15 Jul 2018 06:38:00 GMT" time="125.024" errors="0">
  <testcase name="AdminDeny_Dispute" time="125.024" classname="DisputeEndtoEndFlow_DisputeTab.AdminDenyingDispute"/>
</testsuite> <!-- DisputeEndtoEndFlow_DisputeTab.AdminDenyingDispute -->
