<?xml version="1.0" encoding="UTF-8"?>
<!-- Generated by org.testng.reporters.JUnitReportReporter -->
<testsuite hostname="PC0432J4-T440P" name="DisputeEndtoEndFlow_MessageTab.PayeeResponded" tests="1" failures="0" timestamp="18 Jul 2018 04:30:07 GMT" time="78.865" errors="0">
  <testcase name="PayeeResponded_ManagerInquiry" time="78.865" classname="DisputeEndtoEndFlow_MessageTab.PayeeResponded"/>
</testsuite> <!-- DisputeEndtoEndFlow_MessageTab.PayeeResponded -->
