<?xml version="1.0" encoding="UTF-8"?>
<!-- Generated by org.testng.reporters.JUnitReportReporter -->
<testsuite hostname="PC0432J4-T440P" name="DisputeEndtoEndFlow_DisputeTab.PayeeRespondingtoAdminInquiry" tests="1" failures="0" timestamp="15 Jul 2018 06:38:00 GMT" time="163.477" errors="0">
  <testcase name="Admin_InquirytoManager" time="163.477" classname="DisputeEndtoEndFlow_DisputeTab.PayeeRespondingtoAdminInquiry"/>
</testsuite> <!-- DisputeEndtoEndFlow_DisputeTab.PayeeRespondingtoAdminInquiry -->
