<?xml version="1.0" encoding="UTF-8"?>
<!-- Generated by org.testng.reporters.JUnitReportReporter -->
<testsuite hostname="PC0432J4-T440P" name="com.calliduscloud.testing.communicator.Dispute" tests="1" failures="0" timestamp="19 Feb 2018 08:53:53 GMT" time="17.883" errors="0">
  <testcase name="SubmitDispute_Incentive" time="17.883" classname="com.calliduscloud.testing.communicator.Dispute"/>
</testsuite> <!-- com.calliduscloud.testing.communicator.Dispute -->
