<?xml version="1.0" encoding="UTF-8"?>
<!-- Generated by org.testng.reporters.JUnitReportReporter -->
<testsuite hostname="PC0432J4-T440P" name="Documents.CreatePlanDocument" tests="1" failures="0" timestamp="14 Jul 2018 15:43:47 GMT" time="78.581" errors="0">
  <testcase name="PlanDocumentCreation" time="78.581" classname="Documents.CreatePlanDocument"/>
</testsuite> <!-- Documents.CreatePlanDocument -->
