<?xml version="1.0" encoding="UTF-8"?>
<!-- Generated by org.testng.reporters.JUnitReportReporter -->
<testsuite hostname="PC0432J4-T440P" name="DisputeEndtoEndFlow_DisputeTab.ManagerInquirytoPayee" tests="1" failures="0" timestamp="15 Jul 2018 06:41:53 GMT" time="75.973" errors="0">
  <testcase name="ManagerSentInquiry" time="75.973" classname="DisputeEndtoEndFlow_DisputeTab.ManagerInquirytoPayee"/>
</testsuite> <!-- DisputeEndtoEndFlow_DisputeTab.ManagerInquirytoPayee -->
