<?xml version="1.0" encoding="UTF-8"?>
<!-- Generated by org.testng.reporters.JUnitReportReporter -->
<testsuite hostname="PC0432J4-T440P" name="DisputeEndtoEndFlow_DisputeTab.CancelDispute" tests="1" failures="0" timestamp="15 Jul 2018 06:38:00 GMT" time="69.756" errors="0">
  <testcase name="CancellingDispute" time="69.756" classname="DisputeEndtoEndFlow_DisputeTab.CancelDispute"/>
</testsuite> <!-- DisputeEndtoEndFlow_DisputeTab.CancelDispute -->
