<?xml version="1.0" encoding="UTF-8"?>
<!-- Generated by org.testng.reporters.JUnitReportReporter -->
<testsuite hostname="PC0432J4-T440P" name="MultipleDenial_Dispute.BulkDenial" tests="1" failures="0" timestamp="10 Apr 2018 09:54:06 GMT" time="71.316" errors="0">
  <testcase name="DisputeBulkApproval" time="71.316" classname="MultipleDenial_Dispute.BulkDenial"/>
</testsuite> <!-- MultipleDenial_Dispute.BulkDenial -->
