<?xml version="1.0" encoding="UTF-8"?>
<!-- Generated by org.testng.reporters.JUnitReportReporter -->
<testsuite hostname="PC0432J4-T440P" name="DisputeEndtoEndFlow_MessageTab.ManagerSentInquiry" tests="1" failures="0" timestamp="17 Jul 2018 17:05:40 GMT" time="73.709" errors="0">
  <testcase name="SentInquiry_Manager" time="73.709" classname="DisputeEndtoEndFlow_MessageTab.ManagerSentInquiry"/>
</testsuite> <!-- DisputeEndtoEndFlow_MessageTab.ManagerSentInquiry -->
