<?xml version="1.0" encoding="UTF-8"?>
<!-- Generated by org.testng.reporters.JUnitReportReporter -->
<testsuite hostname="PC0432J4-T440P" name="DisputeEndtoEndFlow_MessageTab.AdminResolved" tests="1" failures="0" timestamp="6 Apr 2018 06:04:40 GMT" time="67.602" errors="0">
  <testcase name="DisputeApproval" time="67.602" classname="DisputeEndtoEndFlow_MessageTab.AdminResolved"/>
</testsuite> <!-- DisputeEndtoEndFlow_MessageTab.AdminResolved -->
