<?xml version="1.0" encoding="UTF-8"?>
<!-- Generated by org.testng.reporters.JUnitReportReporter -->
<testsuite hostname="PC0432J4-T440P" name="DisputeEndtoEndFlow_DisputeTab.AdminResolvingDispute" tests="1" failures="0" timestamp="27 Mar 2018 10:15:18 GMT" time="84.004" errors="0">
  <testcase name="AdminResolved" time="84.004" classname="DisputeEndtoEndFlow_DisputeTab.AdminResolvingDispute"/>
</testsuite> <!-- DisputeEndtoEndFlow_DisputeTab.AdminResolvingDispute -->
