<?xml version="1.0" encoding="UTF-8"?>
<!-- Generated by org.testng.reporters.JUnitReportReporter -->
<testsuite hostname="PC0432J4-T440P" name="Documents.CreatePlanDocument" tests="1" failures="0" timestamp="17 Apr 2018 10:45:09 GMT" time="82.363" errors="0">
  <testcase name="PlanDocumentCreation" time="82.363" classname="Documents.CreatePlanDocument"/>
</testsuite> <!-- Documents.CreatePlanDocument -->
