<?xml version="1.0" encoding="UTF-8"?>
<!-- Generated by org.testng.reporters.JUnitReportReporter -->
<testsuite hostname="PC0432J4-T440P" name="DisputeEndtoEndFlow_DisputeTab.CancelDispute" tests="1" failures="0" timestamp="8 Mar 2018 09:08:33 GMT" time="36.842" errors="0">
  <testcase name="CancellingDispute" time="36.842" classname="DisputeEndtoEndFlow_DisputeTab.CancelDispute"/>
</testsuite> <!-- DisputeEndtoEndFlow_DisputeTab.CancelDispute -->
