<?xml version="1.0" encoding="UTF-8"?>
<!-- Generated by org.testng.reporters.JUnitReportReporter -->
<testsuite hostname="PC0432J4-T440P" name="DisputeEndtoEndFlow_DisputeTab.PayeeRespondingtoAdminInquiry" tests="1" failures="0" timestamp="27 Mar 2018 10:37:09 GMT" time="107.156" errors="0">
  <testcase name="Admin_InquirytoManager" time="107.156" classname="DisputeEndtoEndFlow_DisputeTab.PayeeRespondingtoAdminInquiry"/>
</testsuite> <!-- DisputeEndtoEndFlow_DisputeTab.PayeeRespondingtoAdminInquiry -->
