<?xml version="1.0" encoding="UTF-8"?>
<!-- Generated by org.testng.reporters.JUnitReportReporter -->
<testsuite hostname="PC0432J4-T440P" name="DisputeEndtoEndFlow_MessageTab.AdminSentInquiry_Manager" tests="1" failures="0" timestamp="6 Apr 2018 06:30:13 GMT" time="68.534" errors="0">
  <testcase name="DisputeApproval" time="68.534" classname="DisputeEndtoEndFlow_MessageTab.AdminSentInquiry_Manager"/>
</testsuite> <!-- DisputeEndtoEndFlow_MessageTab.AdminSentInquiry_Manager -->
