<?xml version="1.0" encoding="UTF-8"?>
<!-- Generated by org.testng.reporters.JUnitReportReporter -->
<testsuite hostname="PC0432J4-T440P" name="DisputeSubmission_Unittypes.SubmitDispute_USDUnittype" tests="1" failures="0" timestamp="9 Apr 2018 16:49:55 GMT" time="40.525" errors="0">
  <testcase name="SubmitDispute_Incentive" time="40.525" classname="DisputeSubmission_Unittypes.SubmitDispute_USDUnittype"/>
</testsuite> <!-- DisputeSubmission_Unittypes.SubmitDispute_USDUnittype -->
