<?xml version="1.0" encoding="UTF-8"?>
<!-- Generated by org.testng.reporters.JUnitReportReporter -->
<testsuite hostname="PC0432J4-T440P" name="DisputeEndtoEndFlow_MessageTab.ManagerDenied$Denied" tests="1" failures="0" timestamp="6 Apr 2018 05:45:44 GMT" time="47.394" errors="0">
  <testcase name="Dispute_Denial" time="47.394" classname="DisputeEndtoEndFlow_MessageTab.ManagerDenied$Denied"/>
</testsuite> <!-- DisputeEndtoEndFlow_MessageTab.ManagerDenied$Denied -->
