<?xml version="1.0" encoding="UTF-8"?>
<!-- Generated by org.testng.reporters.JUnitReportReporter -->
<testsuite hostname="PC0432J4-T440P" name="MultipleApproval_Dispte.BulkApproval$SubmitDispute" tests="1" failures="0" timestamp="10 Apr 2018 07:18:25 GMT" time="104.879" errors="0">
  <testcase name="SubmitDispute_Incentive" time="104.879" classname="MultipleApproval_Dispte.BulkApproval$SubmitDispute"/>
</testsuite> <!-- MultipleApproval_Dispte.BulkApproval$SubmitDispute -->
