<?xml version="1.0" encoding="UTF-8"?>
<!-- Generated by org.testng.reporters.JUnitReportReporter -->
<testsuite hostname="PC0432J4-T440P" name="DisputeEndtoEndFlow_MessageTab.AdminDenied_Dispute" tests="1" failures="0" timestamp="18 Jul 2018 04:57:07 GMT" time="78.308" errors="0">
  <testcase name="DisputeApproval" time="78.308" classname="DisputeEndtoEndFlow_MessageTab.AdminDenied_Dispute"/>
</testsuite> <!-- DisputeEndtoEndFlow_MessageTab.AdminDenied_Dispute -->
