<?xml version="1.0" encoding="UTF-8"?>
<!-- Generated by org.testng.reporters.JUnitReportReporter -->
<testsuite hostname="PC0432J4-T440P" name="DisputeEndtoEndFlow_DisputeTab.AdminDenyingDispute" tests="1" failures="0" timestamp="27 Mar 2018 10:18:07 GMT" time="85.184" errors="0">
  <testcase name="AdminDeny_Dispute" time="85.184" classname="DisputeEndtoEndFlow_DisputeTab.AdminDenyingDispute"/>
</testsuite> <!-- DisputeEndtoEndFlow_DisputeTab.AdminDenyingDispute -->
