<?xml version="1.0" encoding="UTF-8"?>
<!-- Generated by org.testng.reporters.JUnitReportReporter -->
<testsuite hostname="PC0432J4-T440P" name="DisputeEndtoEndFlow_DisputeTab.PayeeRespondedtoManagerInquiry$ManagerInquirytoPayee" tests="1" failures="0" timestamp="8 Mar 2018 10:33:42 GMT" time="80.141" errors="0">
  <testcase name="ManagerSentInquiry" time="80.141" classname="DisputeEndtoEndFlow_DisputeTab.PayeeRespondedtoManagerInquiry$ManagerInquirytoPayee"/>
</testsuite> <!-- DisputeEndtoEndFlow_DisputeTab.PayeeRespondedtoManagerInquiry$ManagerInquirytoPayee -->
