<?xml version="1.0" encoding="UTF-8"?>
<!-- Generated by org.testng.reporters.JUnitReportReporter -->
<testsuite hostname="PC0432J4-T440P" name="DisputeSubmission_Unittypes.SubmitDispute_QuantityUnittype" tests="1" failures="0" timestamp="9 Apr 2018 17:02:36 GMT" time="39.800" errors="0">
  <testcase name="SubmitDispute_Incentive" time="39.800" classname="DisputeSubmission_Unittypes.SubmitDispute_QuantityUnittype"/>
</testsuite> <!-- DisputeSubmission_Unittypes.SubmitDispute_QuantityUnittype -->
