<?xml version="1.0" encoding="UTF-8"?>
<!-- Generated by org.testng.reporters.JUnitReportReporter -->
<testsuite hostname="PC0432J4-T440P" name="DisputeEndtoEndFlow_DisputeTab.ManagerRespondingtoAdminInquiry" tests="1" failures="0" timestamp="27 Mar 2018 10:29:40 GMT" time="104.171" errors="0">
  <testcase name="Admin_InquirytoManager" time="104.171" classname="DisputeEndtoEndFlow_DisputeTab.ManagerRespondingtoAdminInquiry"/>
</testsuite> <!-- DisputeEndtoEndFlow_DisputeTab.ManagerRespondingtoAdminInquiry -->
