<?xml version="1.0" encoding="UTF-8"?>
<!-- Generated by org.testng.reporters.JUnitReportReporter -->
<testsuite hostname="PC0432J4-T440P" name="DisputeEndtoEndFlow_MessageTab.ManagerDenied$Denied" tests="1" failures="0" timestamp="18 Jul 2018 04:17:03 GMT" time="60.688" errors="0">
  <testcase name="Dispute_Denial" time="60.688" classname="DisputeEndtoEndFlow_MessageTab.ManagerDenied$Denied"/>
</testsuite> <!-- DisputeEndtoEndFlow_MessageTab.ManagerDenied$Denied -->
