<?xml version="1.0" encoding="UTF-8"?>
<!-- Generated by org.testng.reporters.JUnitReportReporter -->
<testsuite hostname="PC0432J4-T440P" name="DisputeSubmission_Unittypes.SubmitDispute_PercentUnittype" tests="1" failures="0" timestamp="14 Jul 2018 15:43:47 GMT" time="53.982" errors="0">
  <testcase name="SubmitDispute_Incentive" time="53.982" classname="DisputeSubmission_Unittypes.SubmitDispute_PercentUnittype"/>
</testsuite> <!-- DisputeSubmission_Unittypes.SubmitDispute_PercentUnittype -->
