<?xml version="1.0" encoding="UTF-8"?>
<!-- Generated by org.testng.reporters.JUnitReportReporter -->
<testsuite hostname="PC0432J4-T440P" name="DisputeEndtoEndFlow_DisputeTab.SubmitDispute" tests="1" failures="0" timestamp="15 Jul 2018 06:38:00 GMT" time="37.376" errors="0">
  <testcase name="SubmitDispute_Incentive" time="37.376" classname="DisputeEndtoEndFlow_DisputeTab.SubmitDispute"/>
</testsuite> <!-- DisputeEndtoEndFlow_DisputeTab.SubmitDispute -->
