<?xml version="1.0" encoding="UTF-8"?>
<!-- Generated by org.testng.reporters.JUnitReportReporter -->
<testsuite hostname="PC0432J4-T440P" name="DisputeEndtoEndFlow_DisputeTab.ManagerInquirytoPayee" tests="1" failures="0" timestamp="27 Mar 2018 09:42:06 GMT" time="57.064" errors="0">
  <testcase name="ManagerSentInquiry" time="57.064" classname="DisputeEndtoEndFlow_DisputeTab.ManagerInquirytoPayee"/>
</testsuite> <!-- DisputeEndtoEndFlow_DisputeTab.ManagerInquirytoPayee -->
