<?xml version="1.0" encoding="UTF-8"?>
<!-- Generated by org.testng.reporters.JUnitReportReporter -->
<testsuite hostname="PC0432J4-T440P" name="com.calliduscloud.testing.communicator.AdminResolvingDispute" tests="1" failures="0" timestamp="26 Feb 2018 10:10:02 GMT" time="96.613" errors="0">
  <testcase name="AdminDeniedDispute" time="96.613" classname="com.calliduscloud.testing.communicator.AdminResolvingDispute"/>
</testsuite> <!-- com.calliduscloud.testing.communicator.AdminResolvingDispute -->
