<?xml version="1.0" encoding="UTF-8"?>
<!-- Generated by org.testng.reporters.JUnitReportReporter -->
<testsuite hostname="PC0432J4-T440P" name="DisputeEndtoEndFlow_MessageTab.ManagerApproval" tests="1" failures="0" timestamp="18 Jul 2018 04:15:33 GMT" time="60.460" errors="0">
  <testcase name="DisputeApproval" time="60.460" classname="DisputeEndtoEndFlow_MessageTab.ManagerApproval"/>
</testsuite> <!-- DisputeEndtoEndFlow_MessageTab.ManagerApproval -->
