<?xml version="1.0" encoding="UTF-8"?>
<!-- Generated by org.testng.reporters.JUnitReportReporter -->
<testsuite hostname="PC0432J4-T440P" name="DisputeEndtoEndFlow_MessageTab.PayeeResponded" tests="1" failures="0" timestamp="6 Apr 2018 06:21:49 GMT" time="73.316" errors="0">
  <testcase name="PayeeResponded_ManagerInquiry" time="73.316" classname="DisputeEndtoEndFlow_MessageTab.PayeeResponded"/>
</testsuite> <!-- DisputeEndtoEndFlow_MessageTab.PayeeResponded -->
