<?xml version="1.0" encoding="UTF-8"?>
<!-- Generated by org.testng.reporters.JUnitReportReporter -->
<testsuite hostname="DESKTOP-879CC0U" name="com.callidussoftware.com.NewCommuicator.dispute.SubmitDispute" tests="1" failures="0" timestamp="27 Jan 2018 14:09:18 GMT" time="22.164" errors="0">
  <testcase name="payeedispute" time="22.164" classname="com.callidussoftware.com.NewCommuicator.dispute.SubmitDispute"/>
</testsuite> <!-- com.callidussoftware.com.NewCommuicator.dispute.SubmitDispute -->
