<?xml version="1.0" encoding="UTF-8"?>
<!-- Generated by org.testng.reporters.JUnitReportReporter -->
<testsuite hostname="PC0432J4-T440P" name="DisputeEndtoEndFlow_MessageTab.AdminResolved" tests="1" failures="0" timestamp="18 Jul 2018 04:19:35 GMT" time="80.613" errors="0">
  <testcase name="DisputeApproval" time="80.613" classname="DisputeEndtoEndFlow_MessageTab.AdminResolved"/>
</testsuite> <!-- DisputeEndtoEndFlow_MessageTab.AdminResolved -->
