<?xml version="1.0" encoding="UTF-8"?>
<!-- Generated by org.testng.reporters.JUnitReportReporter -->
<testsuite hostname="PC0432J4-T440P" name="DisputeEndtoEndFlow_DisputeTab.SubmitDispute" tests="1" failures="0" timestamp="8 Mar 2018 09:00:55 GMT" time="23.296" errors="0">
  <testcase name="SubmitDispute_Incentive" time="23.296" classname="DisputeEndtoEndFlow_DisputeTab.SubmitDispute"/>
</testsuite> <!-- DisputeEndtoEndFlow_DisputeTab.SubmitDispute -->
