<?xml version="1.0" encoding="UTF-8"?>
<!-- Generated by org.testng.reporters.JUnitReportReporter -->
<testsuite hostname="PC0432J4-T440P" name="DisputeEndtoEndFlow_MessageTab.AdminSentInquiry_Payee" tests="1" failures="0" timestamp="6 Apr 2018 06:35:29 GMT" time="66.242" errors="0">
  <testcase name="DisputeApproval" time="66.242" classname="DisputeEndtoEndFlow_MessageTab.AdminSentInquiry_Payee"/>
</testsuite> <!-- DisputeEndtoEndFlow_MessageTab.AdminSentInquiry_Payee -->
