<?xml version="1.0" encoding="UTF-8"?>
<!-- Generated by org.testng.reporters.JUnitReportReporter -->
<testsuite hostname="PC0432J4-T440P" name="DisputeSubmission_Unittypes.SubmitDispute_PercentUnittype" tests="1" failures="0" timestamp="9 Apr 2018 16:57:52 GMT" time="40.793" errors="0">
  <testcase name="SubmitDispute_Incentive" time="40.793" classname="DisputeSubmission_Unittypes.SubmitDispute_PercentUnittype"/>
</testsuite> <!-- DisputeSubmission_Unittypes.SubmitDispute_PercentUnittype -->
