<?xml version="1.0" encoding="UTF-8"?>
<!-- Generated by org.testng.reporters.JUnitReportReporter -->
<testsuite hostname="PC0432J4-T440P" name="DisputeEndtoEndFlow_MessageTab.AdminSentInquiry_Manager" tests="1" failures="0" timestamp="18 Jul 2018 04:21:42 GMT" time="80.399" errors="0">
  <testcase name="DisputeApproval" time="80.399" classname="DisputeEndtoEndFlow_MessageTab.AdminSentInquiry_Manager"/>
</testsuite> <!-- DisputeEndtoEndFlow_MessageTab.AdminSentInquiry_Manager -->
