<?xml version="1.0" encoding="UTF-8"?>
<!-- Generated by org.testng.reporters.JUnitReportReporter -->
<testsuite hostname="PC0432J4-T440P" name="DisputeSubmission_DifferentFileFormat.DisputeSubmission_DocFileFormat" tests="1" failures="0" timestamp="28 Mar 2018 09:54:11 GMT" time="28.131" errors="0">
  <testcase name="SubmitDispute_Incentive" time="28.131" classname="DisputeSubmission_DifferentFileFormat.DisputeSubmission_DocFileFormat"/>
</testsuite> <!-- DisputeSubmission_DifferentFileFormat.DisputeSubmission_DocFileFormat -->
