<?xml version="1.0" encoding="UTF-8"?>
<!-- Generated by org.testng.reporters.JUnitReportReporter -->
<testsuite hostname="PC0432J4-T440P" name="DisputeEndtoEndFlow_DisputeTab.ManagerApproved" tests="1" failures="0" timestamp="8 Mar 2018 09:02:35 GMT" time="57.100" errors="0">
  <testcase name="SubmitDispute_Incentive" time="57.100" classname="DisputeEndtoEndFlow_DisputeTab.ManagerApproved"/>
</testsuite> <!-- DisputeEndtoEndFlow_DisputeTab.ManagerApproved -->
