<?xml version="1.0" encoding="UTF-8"?>
<!-- Generated by org.testng.reporters.JUnitReportReporter -->
<testsuite hostname="PC0432J4-T440P" name="DisputeEndtoEndFlow_DisputeTab.AdminResolvingDispute" tests="1" failures="0" timestamp="15 Jul 2018 06:37:59 GMT" time="129.546" errors="0">
  <testcase name="AdminResolved" time="129.546" classname="DisputeEndtoEndFlow_DisputeTab.AdminResolvingDispute"/>
</testsuite> <!-- DisputeEndtoEndFlow_DisputeTab.AdminResolvingDispute -->
